<?xml version="1.0" encoding="UTF-8"?>
<!-- Generated by org.testng.reporters.JUnitXMLReporter -->
<testsuite ignored="0" hostname="LAPTOP-KRRF1NGI" failures="0" tests="4" name="Test1" time="46.403" errors="0" timestamp="2022-11-01T22:56:47 IST">
  <testcase classname="Com.sauceDemo.TestPackage.TC04_VerifyAllProductsAddToCartFunctionality" name="verifyAllProductsAddToCart" time="1.47"/>
  <testcase classname="Com.sauceDemo.TestPackage.TC03_Verify_BagProduct_AddToCart_Functionality" name="verifyBagProductAddToCart" time="0.292"/>
  <testcase classname="Com.sauceDemo.TestPackage.TC02_VerifyLogOutFunctionality" name="verifyLogOut" time="0.505"/>
  <testcase classname="Com.sauceDemo.TestPackage.TC01_VerifyLoginFunctionality" name="verifyLogin" time="0.112"/>
</testsuite> <!-- Test1 -->
